[2020-07-29T18:06:56.449+0700][gc,heap] Heap region size: 1M
[2020-07-29T18:06:56.458+0700][gc     ] Using G1
[2020-07-29T18:06:56.458+0700][gc,heap,coops] Heap address: 0x00000000c0000000, size: 1024 MB, Compressed Oops mode: 32-bit
[2020-07-29T18:06:56.458+0700][gc,cds       ] Mark closed archive regions in map: [0x00000000fff00000, 0x00000000fff69ff8]
[2020-07-29T18:06:56.458+0700][gc,cds       ] Mark open archive regions in map: [0x00000000ffe00000, 0x00000000ffe46ff8]
[2020-07-29T18:06:57.784+0700][gc,start     ] GC(0) Pause Young (Normal) (G1 Evacuation Pause)
[2020-07-29T18:06:57.785+0700][gc,task      ] GC(0) Using 4 workers of 4 for evacuation
[2020-07-29T18:06:57.798+0700][gc,phases    ] GC(0)   Pre Evacuate Collection Set: 0,0ms
[2020-07-29T18:06:57.798+0700][gc,phases    ] GC(0)   Evacuate Collection Set: 11,8ms
[2020-07-29T18:06:57.798+0700][gc,phases    ] GC(0)   Post Evacuate Collection Set: 0,5ms
[2020-07-29T18:06:57.798+0700][gc,phases    ] GC(0)   Other: 1,8ms
[2020-07-29T18:06:57.798+0700][gc,heap      ] GC(0) Eden regions: 51->0(44)
[2020-07-29T18:06:57.798+0700][gc,heap      ] GC(0) Survivor regions: 0->7(7)
[2020-07-29T18:06:57.798+0700][gc,heap      ] GC(0) Old regions: 2->2
[2020-07-29T18:06:57.798+0700][gc,heap      ] GC(0) Humongous regions: 0->0
[2020-07-29T18:06:57.798+0700][gc,metaspace ] GC(0) Metaspace: 16058K->16058K(1062912K)
[2020-07-29T18:06:57.798+0700][gc           ] GC(0) Pause Young (Normal) (G1 Evacuation Pause) 51M->7M(1024M) 14,118ms
[2020-07-29T18:06:57.798+0700][gc,cpu       ] GC(0) User=0,03s Sys=0,00s Real=0,01s
[2020-07-29T18:06:58.209+0700][gc,start     ] GC(1) Pause Young (Concurrent Start) (Metadata GC Threshold)
[2020-07-29T18:06:58.209+0700][gc,task      ] GC(1) Using 4 workers of 4 for evacuation
[2020-07-29T18:06:58.220+0700][gc,phases    ] GC(1)   Pre Evacuate Collection Set: 0,2ms
[2020-07-29T18:06:58.220+0700][gc,phases    ] GC(1)   Evacuate Collection Set: 9,9ms
[2020-07-29T18:06:58.220+0700][gc,phases    ] GC(1)   Post Evacuate Collection Set: 0,5ms
[2020-07-29T18:06:58.220+0700][gc,phases    ] GC(1)   Other: 0,5ms
[2020-07-29T18:06:58.220+0700][gc,heap      ] GC(1) Eden regions: 18->0(50)
[2020-07-29T18:06:58.220+0700][gc,heap      ] GC(1) Survivor regions: 7->1(7)
[2020-07-29T18:06:58.220+0700][gc,heap      ] GC(1) Old regions: 2->9
[2020-07-29T18:06:58.220+0700][gc,heap      ] GC(1) Humongous regions: 0->0
[2020-07-29T18:06:58.220+0700][gc,metaspace ] GC(1) Metaspace: 20573K->20573K(1067008K)
[2020-07-29T18:06:58.220+0700][gc           ] GC(1) Pause Young (Concurrent Start) (Metadata GC Threshold) 24M->7M(1024M) 11,128ms
[2020-07-29T18:06:58.220+0700][gc,cpu       ] GC(1) User=0,03s Sys=0,00s Real=0,01s
[2020-07-29T18:06:58.220+0700][gc           ] GC(2) Concurrent Cycle
[2020-07-29T18:06:58.220+0700][gc,marking   ] GC(2) Concurrent Clear Claimed Marks
[2020-07-29T18:06:58.220+0700][gc,marking   ] GC(2) Concurrent Clear Claimed Marks 0,047ms
[2020-07-29T18:06:58.220+0700][gc,marking   ] GC(2) Concurrent Scan Root Regions
[2020-07-29T18:06:58.224+0700][gc,marking   ] GC(2) Concurrent Scan Root Regions 3,909ms
[2020-07-29T18:06:58.224+0700][gc,marking   ] GC(2) Concurrent Mark (1,779s)
[2020-07-29T18:06:58.224+0700][gc,marking   ] GC(2) Concurrent Mark From Roots
[2020-07-29T18:06:58.224+0700][gc,task      ] GC(2) Using 1 workers of 1 for marking
[2020-07-29T18:06:58.236+0700][gc,marking   ] GC(2) Concurrent Mark From Roots 11,606ms
[2020-07-29T18:06:58.236+0700][gc,marking   ] GC(2) Concurrent Preclean
[2020-07-29T18:06:58.236+0700][gc,marking   ] GC(2) Concurrent Preclean 0,124ms
[2020-07-29T18:06:58.236+0700][gc,marking   ] GC(2) Concurrent Mark (1,779s, 1,790s) 11,808ms
[2020-07-29T18:06:58.236+0700][gc,start     ] GC(2) Pause Remark
[2020-07-29T18:06:58.240+0700][gc,stringtable] GC(2) Cleaned string and symbol table, strings: 4866 processed, 0 removed, symbols: 50961 processed, 53 removed
[2020-07-29T18:06:58.241+0700][gc            ] GC(2) Pause Remark 8M->8M(1024M) 4,569ms
[2020-07-29T18:06:58.241+0700][gc,cpu        ] GC(2) User=0,01s Sys=0,00s Real=0,00s
[2020-07-29T18:06:58.241+0700][gc,marking    ] GC(2) Concurrent Rebuild Remembered Sets
[2020-07-29T18:06:58.250+0700][gc,marking    ] GC(2) Concurrent Rebuild Remembered Sets 8,739ms
[2020-07-29T18:06:58.250+0700][gc,start      ] GC(2) Pause Cleanup
[2020-07-29T18:06:58.251+0700][gc            ] GC(2) Pause Cleanup 8M->8M(1024M) 0,218ms
[2020-07-29T18:06:58.251+0700][gc,cpu        ] GC(2) User=0,00s Sys=0,00s Real=0,00s
[2020-07-29T18:06:58.251+0700][gc,marking    ] GC(2) Concurrent Cleanup for Next Mark
[2020-07-29T18:06:58.265+0700][gc,marking    ] GC(2) Concurrent Cleanup for Next Mark 14,517ms
[2020-07-29T18:06:58.265+0700][gc            ] GC(2) Concurrent Cycle 44,795ms
[2020-07-29T18:06:59.647+0700][gc,start      ] GC(3) Pause Young (Normal) (G1 Evacuation Pause)
[2020-07-29T18:06:59.647+0700][gc,task       ] GC(3) Using 4 workers of 4 for evacuation
[2020-07-29T18:06:59.659+0700][gc,phases     ] GC(3)   Pre Evacuate Collection Set: 0,0ms
[2020-07-29T18:06:59.659+0700][gc,phases     ] GC(3)   Evacuate Collection Set: 10,6ms
[2020-07-29T18:06:59.659+0700][gc,phases     ] GC(3)   Post Evacuate Collection Set: 0,4ms
[2020-07-29T18:06:59.659+0700][gc,phases     ] GC(3)   Other: 0,3ms
[2020-07-29T18:06:59.659+0700][gc,heap       ] GC(3) Eden regions: 50->0(46)
[2020-07-29T18:06:59.659+0700][gc,heap       ] GC(3) Survivor regions: 1->5(7)
[2020-07-29T18:06:59.659+0700][gc,heap       ] GC(3) Old regions: 9->9
[2020-07-29T18:06:59.659+0700][gc,heap       ] GC(3) Humongous regions: 129->129
[2020-07-29T18:06:59.659+0700][gc,metaspace  ] GC(3) Metaspace: 30308K->30308K(1077248K)
[2020-07-29T18:06:59.659+0700][gc            ] GC(3) Pause Young (Normal) (G1 Evacuation Pause) 186M->140M(1024M) 11,439ms
[2020-07-29T18:06:59.659+0700][gc,cpu        ] GC(3) User=0,03s Sys=0,00s Real=0,01s
[2020-07-29T18:07:01.911+0700][gc,start      ] GC(4) Pause Young (Concurrent Start) (Metadata GC Threshold)
[2020-07-29T18:07:01.911+0700][gc,task       ] GC(4) Using 4 workers of 4 for evacuation
[2020-07-29T18:07:01.922+0700][gc,phases     ] GC(4)   Pre Evacuate Collection Set: 0,1ms
[2020-07-29T18:07:01.922+0700][gc,phases     ] GC(4)   Evacuate Collection Set: 10,0ms
[2020-07-29T18:07:01.922+0700][gc,phases     ] GC(4)   Post Evacuate Collection Set: 0,4ms
[2020-07-29T18:07:01.922+0700][gc,phases     ] GC(4)   Other: 0,2ms
[2020-07-29T18:07:01.922+0700][gc,heap       ] GC(4) Eden regions: 31->0(49)
[2020-07-29T18:07:01.922+0700][gc,heap       ] GC(4) Survivor regions: 5->2(7)
[2020-07-29T18:07:01.922+0700][gc,heap       ] GC(4) Old regions: 9->13
[2020-07-29T18:07:01.922+0700][gc,heap       ] GC(4) Humongous regions: 129->129
[2020-07-29T18:07:01.922+0700][gc,metaspace  ] GC(4) Metaspace: 34247K->34247K(1079296K)
[2020-07-29T18:07:01.922+0700][gc            ] GC(4) Pause Young (Concurrent Start) (Metadata GC Threshold) 170M->142M(1024M) 10,894ms
[2020-07-29T18:07:01.922+0700][gc,cpu        ] GC(4) User=0,02s Sys=0,00s Real=0,01s
[2020-07-29T18:07:01.922+0700][gc            ] GC(5) Concurrent Cycle
[2020-07-29T18:07:01.922+0700][gc,marking    ] GC(5) Concurrent Clear Claimed Marks
[2020-07-29T18:07:01.922+0700][gc,marking    ] GC(5) Concurrent Clear Claimed Marks 0,126ms
[2020-07-29T18:07:01.922+0700][gc,marking    ] GC(5) Concurrent Scan Root Regions
[2020-07-29T18:07:01.924+0700][gc,marking    ] GC(5) Concurrent Scan Root Regions 2,106ms
[2020-07-29T18:07:01.924+0700][gc,marking    ] GC(5) Concurrent Mark (5,479s)
[2020-07-29T18:07:01.924+0700][gc,marking    ] GC(5) Concurrent Mark From Roots
[2020-07-29T18:07:01.924+0700][gc,task       ] GC(5) Using 1 workers of 1 for marking
[2020-07-29T18:07:01.954+0700][gc,marking    ] GC(5) Concurrent Mark From Roots 29,245ms
[2020-07-29T18:07:01.954+0700][gc,marking    ] GC(5) Concurrent Preclean
[2020-07-29T18:07:01.954+0700][gc,marking    ] GC(5) Concurrent Preclean 0,140ms
[2020-07-29T18:07:01.954+0700][gc,marking    ] GC(5) Concurrent Mark (5,479s, 5,508s) 29,476ms
[2020-07-29T18:07:01.955+0700][gc,start      ] GC(5) Pause Remark
[2020-07-29T18:07:01.960+0700][gc,stringtable] GC(5) Cleaned string and symbol table, strings: 11081 processed, 11 removed, symbols: 78311 processed, 23 removed
[2020-07-29T18:07:01.960+0700][gc            ] GC(5) Pause Remark 143M->143M(1024M) 5,260ms
[2020-07-29T18:07:01.960+0700][gc,cpu        ] GC(5) User=0,02s Sys=0,00s Real=0,00s
[2020-07-29T18:07:01.960+0700][gc,marking    ] GC(5) Concurrent Rebuild Remembered Sets
[2020-07-29T18:07:01.977+0700][gc,marking    ] GC(5) Concurrent Rebuild Remembered Sets 16,177ms
[2020-07-29T18:07:01.977+0700][gc,start      ] GC(5) Pause Cleanup
[2020-07-29T18:07:01.977+0700][gc            ] GC(5) Pause Cleanup 143M->143M(1024M) 0,260ms
[2020-07-29T18:07:01.977+0700][gc,cpu        ] GC(5) User=0,00s Sys=0,00s Real=0,00s
[2020-07-29T18:07:01.977+0700][gc,marking    ] GC(5) Concurrent Cleanup for Next Mark
[2020-07-29T18:07:01.986+0700][gc,marking    ] GC(5) Concurrent Cleanup for Next Mark 8,446ms
[2020-07-29T18:07:01.986+0700][gc            ] GC(5) Concurrent Cycle 63,492ms
